
state 0
	$accept: .input $end 

	NULL  shift 13
	INT  shift 3
	STR  shift 4
	RAWSTR  shift 5
	BOOL  shift 7
	FLOAT  shift 6
	NOT  shift 8
	MINUS  shift 16
	ID  shift 17
	LP  shift 10
	DOLLAR  shift 9
	CASE  shift 14
	.  error

	input  goto 1
	e  goto 2
	func_call  goto 11
	negative  goto 12
	IDD  goto 15

state 1
	$accept:  input.$end 

	$end  accept
	.  error


state 2
	input:  e.    (1)
	e:  e.LIKE e 
	e:  e.NOT LIKE e 
	e:  e.CONTAINS e 
	e:  e.AND e 
	e:  e.OR e 
	e:  e.ADD e 
	e:  e.MINUS e 
	e:  e.DIV e 
	e:  e.MUL e 
	e:  e.GT e 
	e:  e.GTE e 
	e:  e.LT e 
	e:  e.LTE e 
	e:  e.EQ e 
	e:  e.NEQ e 
	e:  e.IS NULL 
	e:  e.IS NOT NULL 
	e:  e.IN LP e_list RP 
	e:  e.NOT IN LP e_list RP 
	func_call:  e.cast_func 
	func_call:  e.PIPE IDD 
	func_call:  e.PIPE IDD LP RP 
	func_call:  e.PIPE IDD LP e_list RP 

	OR  shift 22
	AND  shift 21
	NOT  shift 19
	LIKE  shift 18
	NEQ  shift 32
	GT  shift 27
	LT  shift 29
	GTE  shift 28
	LTE  shift 30
	EQ  shift 31
	ADD  shift 23
	MINUS  shift 24
	MUL  shift 26
	DIV  shift 25
	CONTAINS  shift 20
	CAST  shift 37
	PIPE  shift 36
	IN  shift 34
	IS  shift 33
	.  reduce 1 (src line 67)

	cast_func  goto 35

state 3
	e:  INT.    (2)

	.  reduce 2 (src line 69)


state 4
	e:  STR.    (3)

	.  reduce 3 (src line 70)


state 5
	e:  RAWSTR.    (4)

	.  reduce 4 (src line 71)


state 6
	e:  FLOAT.    (5)

	.  reduce 5 (src line 72)


state 7
	e:  BOOL.    (6)

	.  reduce 6 (src line 73)


state 8
	e:  NOT.e 

	NULL  shift 13
	INT  shift 3
	STR  shift 4
	RAWSTR  shift 5
	BOOL  shift 7
	FLOAT  shift 6
	NOT  shift 8
	MINUS  shift 16
	ID  shift 17
	LP  shift 10
	DOLLAR  shift 9
	CASE  shift 14
	.  error

	e  goto 38
	func_call  goto 11
	negative  goto 12
	IDD  goto 15

state 9
	e:  DOLLAR.INT 
	e:  DOLLAR.MUL 

	INT  shift 39
	MUL  shift 40
	.  error


state 10
	e:  LP.e RP 

	NULL  shift 13
	INT  shift 3
	STR  shift 4
	RAWSTR  shift 5
	BOOL  shift 7
	FLOAT  shift 6
	NOT  shift 8
	MINUS  shift 16
	ID  shift 17
	LP  shift 10
	DOLLAR  shift 9
	CASE  shift 14
	.  error

	e  goto 41
	func_call  goto 11
	negative  goto 12
	IDD  goto 15

state 11
	e:  func_call.    (28)

	.  reduce 28 (src line 95)


state 12
	e:  negative.    (29)

	.  reduce 29 (src line 96)


state 13
	e:  NULL.    (30)

	.  reduce 30 (src line 97)


state 14
	e:  CASE.whenClause END 
	e:  CASE.whenClause ELSE e END 

	WHEN  shift 43
	.  error

	whenClause  goto 42

state 15
	func_call:  IDD.LP e_list RP 
	func_call:  IDD.LP RP 
	func_call:  IDD.    (39)

	LP  shift 44
	.  reduce 39 (src line 116)


state 16
	negative:  MINUS.INT 
	negative:  MINUS.FLOAT 

	INT  shift 45
	FLOAT  shift 46
	.  error


state 17
	IDD:  ID.    (46)

	.  reduce 46 (src line 130)


state 18
	e:  e LIKE.e 

	NULL  shift 13
	INT  shift 3
	STR  shift 4
	RAWSTR  shift 5
	BOOL  shift 7
	FLOAT  shift 6
	NOT  shift 8
	MINUS  shift 16
	ID  shift 17
	LP  shift 10
	DOLLAR  shift 9
	CASE  shift 14
	.  error

	e  goto 47
	func_call  goto 11
	negative  goto 12
	IDD  goto 15

state 19
	e:  e NOT.LIKE e 
	e:  e NOT.IN LP e_list RP 

	LIKE  shift 48
	IN  shift 49
	.  error


state 20
	e:  e CONTAINS.e 

	NULL  shift 13
	INT  shift 3
	STR  shift 4
	RAWSTR  shift 5
	BOOL  shift 7
	FLOAT  shift 6
	NOT  shift 8
	MINUS  shift 16
	ID  shift 17
	LP  shift 10
	DOLLAR  shift 9
	CASE  shift 14
	.  error

	e  goto 50
	func_call  goto 11
	negative  goto 12
	IDD  goto 15

state 21
	e:  e AND.e 

	NULL  shift 13
	INT  shift 3
	STR  shift 4
	RAWSTR  shift 5
	BOOL  shift 7
	FLOAT  shift 6
	NOT  shift 8
	MINUS  shift 16
	ID  shift 17
	LP  shift 10
	DOLLAR  shift 9
	CASE  shift 14
	.  error

	e  goto 51
	func_call  goto 11
	negative  goto 12
	IDD  goto 15

state 22
	e:  e OR.e 

	NULL  shift 13
	INT  shift 3
	STR  shift 4
	RAWSTR  shift 5
	BOOL  shift 7
	FLOAT  shift 6
	NOT  shift 8
	MINUS  shift 16
	ID  shift 17
	LP  shift 10
	DOLLAR  shift 9
	CASE  shift 14
	.  error

	e  goto 52
	func_call  goto 11
	negative  goto 12
	IDD  goto 15

state 23
	e:  e ADD.e 

	NULL  shift 13
	INT  shift 3
	STR  shift 4
	RAWSTR  shift 5
	BOOL  shift 7
	FLOAT  shift 6
	NOT  shift 8
	MINUS  shift 16
	ID  shift 17
	LP  shift 10
	DOLLAR  shift 9
	CASE  shift 14
	.  error

	e  goto 53
	func_call  goto 11
	negative  goto 12
	IDD  goto 15

state 24
	e:  e MINUS.e 

	NULL  shift 13
	INT  shift 3
	STR  shift 4
	RAWSTR  shift 5
	BOOL  shift 7
	FLOAT  shift 6
	NOT  shift 8
	MINUS  shift 16
	ID  shift 17
	LP  shift 10
	DOLLAR  shift 9
	CASE  shift 14
	.  error

	e  goto 54
	func_call  goto 11
	negative  goto 12
	IDD  goto 15

state 25
	e:  e DIV.e 

	NULL  shift 13
	INT  shift 3
	STR  shift 4
	RAWSTR  shift 5
	BOOL  shift 7
	FLOAT  shift 6
	NOT  shift 8
	MINUS  shift 16
	ID  shift 17
	LP  shift 10
	DOLLAR  shift 9
	CASE  shift 14
	.  error

	e  goto 55
	func_call  goto 11
	negative  goto 12
	IDD  goto 15

state 26
	e:  e MUL.e 

	NULL  shift 13
	INT  shift 3
	STR  shift 4
	RAWSTR  shift 5
	BOOL  shift 7
	FLOAT  shift 6
	NOT  shift 8
	MINUS  shift 16
	ID  shift 17
	LP  shift 10
	DOLLAR  shift 9
	CASE  shift 14
	.  error

	e  goto 56
	func_call  goto 11
	negative  goto 12
	IDD  goto 15

state 27
	e:  e GT.e 

	NULL  shift 13
	INT  shift 3
	STR  shift 4
	RAWSTR  shift 5
	BOOL  shift 7
	FLOAT  shift 6
	NOT  shift 8
	MINUS  shift 16
	ID  shift 17
	LP  shift 10
	DOLLAR  shift 9
	CASE  shift 14
	.  error

	e  goto 57
	func_call  goto 11
	negative  goto 12
	IDD  goto 15

state 28
	e:  e GTE.e 

	NULL  shift 13
	INT  shift 3
	STR  shift 4
	RAWSTR  shift 5
	BOOL  shift 7
	FLOAT  shift 6
	NOT  shift 8
	MINUS  shift 16
	ID  shift 17
	LP  shift 10
	DOLLAR  shift 9
	CASE  shift 14
	.  error

	e  goto 58
	func_call  goto 11
	negative  goto 12
	IDD  goto 15

state 29
	e:  e LT.e 

	NULL  shift 13
	INT  shift 3
	STR  shift 4
	RAWSTR  shift 5
	BOOL  shift 7
	FLOAT  shift 6
	NOT  shift 8
	MINUS  shift 16
	ID  shift 17
	LP  shift 10
	DOLLAR  shift 9
	CASE  shift 14
	.  error

	e  goto 59
	func_call  goto 11
	negative  goto 12
	IDD  goto 15

state 30
	e:  e LTE.e 

	NULL  shift 13
	INT  shift 3
	STR  shift 4
	RAWSTR  shift 5
	BOOL  shift 7
	FLOAT  shift 6
	NOT  shift 8
	MINUS  shift 16
	ID  shift 17
	LP  shift 10
	DOLLAR  shift 9
	CASE  shift 14
	.  error

	e  goto 60
	func_call  goto 11
	negative  goto 12
	IDD  goto 15

state 31
	e:  e EQ.e 

	NULL  shift 13
	INT  shift 3
	STR  shift 4
	RAWSTR  shift 5
	BOOL  shift 7
	FLOAT  shift 6
	NOT  shift 8
	MINUS  shift 16
	ID  shift 17
	LP  shift 10
	DOLLAR  shift 9
	CASE  shift 14
	.  error

	e  goto 61
	func_call  goto 11
	negative  goto 12
	IDD  goto 15

state 32
	e:  e NEQ.e 

	NULL  shift 13
	INT  shift 3
	STR  shift 4
	RAWSTR  shift 5
	BOOL  shift 7
	FLOAT  shift 6
	NOT  shift 8
	MINUS  shift 16
	ID  shift 17
	LP  shift 10
	DOLLAR  shift 9
	CASE  shift 14
	.  error

	e  goto 62
	func_call  goto 11
	negative  goto 12
	IDD  goto 15

state 33
	e:  e IS.NULL 
	e:  e IS.NOT NULL 

	NULL  shift 63
	NOT  shift 64
	.  error


state 34
	e:  e IN.LP e_list RP 

	LP  shift 65
	.  error


state 35
	func_call:  e cast_func.    (40)

	.  reduce 40 (src line 117)


state 36
	func_call:  e PIPE.IDD 
	func_call:  e PIPE.IDD LP RP 
	func_call:  e PIPE.IDD LP e_list RP 

	ID  shift 17
	.  error

	IDD  goto 66

state 37
	cast_func:  CAST.IDD 

	ID  shift 17
	.  error

	IDD  goto 67

state 38
	e:  e.LIKE e 
	e:  e.NOT LIKE e 
	e:  e.CONTAINS e 
	e:  e.AND e 
	e:  e.OR e 
	e:  e.ADD e 
	e:  e.MINUS e 
	e:  e.DIV e 
	e:  e.MUL e 
	e:  NOT e.    (16)
	e:  e.GT e 
	e:  e.GTE e 
	e:  e.LT e 
	e:  e.LTE e 
	e:  e.EQ e 
	e:  e.NEQ e 
	e:  e.IS NULL 
	e:  e.IS NOT NULL 
	e:  e.IN LP e_list RP 
	e:  e.NOT IN LP e_list RP 
	func_call:  e.cast_func 
	func_call:  e.PIPE IDD 
	func_call:  e.PIPE IDD LP RP 
	func_call:  e.PIPE IDD LP e_list RP 

	LIKE  shift 18
	NEQ  shift 32
	GT  shift 27
	LT  shift 29
	GTE  shift 28
	LTE  shift 30
	EQ  shift 31
	ADD  shift 23
	MINUS  shift 24
	MUL  shift 26
	DIV  shift 25
	CONTAINS  shift 20
	CAST  shift 37
	PIPE  shift 36
	IN  shift 34
	IS  shift 33
	.  reduce 16 (src line 83)

	cast_func  goto 35

state 39
	e:  DOLLAR INT.    (25)

	.  reduce 25 (src line 92)


state 40
	e:  DOLLAR MUL.    (26)

	.  reduce 26 (src line 93)


state 41
	e:  e.LIKE e 
	e:  e.NOT LIKE e 
	e:  e.CONTAINS e 
	e:  e.AND e 
	e:  e.OR e 
	e:  e.ADD e 
	e:  e.MINUS e 
	e:  e.DIV e 
	e:  e.MUL e 
	e:  e.GT e 
	e:  e.GTE e 
	e:  e.LT e 
	e:  e.LTE e 
	e:  e.EQ e 
	e:  e.NEQ e 
	e:  e.IS NULL 
	e:  e.IS NOT NULL 
	e:  LP e.RP 
	e:  e.IN LP e_list RP 
	e:  e.NOT IN LP e_list RP 
	func_call:  e.cast_func 
	func_call:  e.PIPE IDD 
	func_call:  e.PIPE IDD LP RP 
	func_call:  e.PIPE IDD LP e_list RP 

	OR  shift 22
	AND  shift 21
	NOT  shift 19
	LIKE  shift 18
	NEQ  shift 32
	GT  shift 27
	LT  shift 29
	GTE  shift 28
	LTE  shift 30
	EQ  shift 31
	ADD  shift 23
	MINUS  shift 24
	MUL  shift 26
	DIV  shift 25
	CONTAINS  shift 20
	RP  shift 68
	CAST  shift 37
	PIPE  shift 36
	IN  shift 34
	IS  shift 33
	.  error

	cast_func  goto 35

state 42
	e:  CASE whenClause.END 
	e:  CASE whenClause.ELSE e END 
	whenClause:  whenClause.WHEN e THEN e 

	WHEN  shift 71
	END  shift 69
	ELSE  shift 70
	.  error


state 43
	whenClause:  WHEN.e THEN e 

	NULL  shift 13
	INT  shift 3
	STR  shift 4
	RAWSTR  shift 5
	BOOL  shift 7
	FLOAT  shift 6
	NOT  shift 8
	MINUS  shift 16
	ID  shift 17
	LP  shift 10
	DOLLAR  shift 9
	CASE  shift 14
	.  error

	e  goto 72
	func_call  goto 11
	negative  goto 12
	IDD  goto 15

state 44
	func_call:  IDD LP.e_list RP 
	func_call:  IDD LP.RP 

	NULL  shift 13
	INT  shift 3
	STR  shift 4
	RAWSTR  shift 5
	BOOL  shift 7
	FLOAT  shift 6
	NOT  shift 8
	MINUS  shift 16
	ID  shift 17
	LP  shift 10
	RP  shift 74
	DOLLAR  shift 9
	CASE  shift 14
	.  error

	e  goto 75
	func_call  goto 11
	negative  goto 12
	e_list  goto 73
	IDD  goto 15

state 45
	negative:  MINUS INT.    (35)

	.  reduce 35 (src line 111)


state 46
	negative:  MINUS FLOAT.    (36)

	.  reduce 36 (src line 112)


state 47
	e:  e.LIKE e 
	e:  e LIKE e.    (7)
	e:  e.NOT LIKE e 
	e:  e.CONTAINS e 
	e:  e.AND e 
	e:  e.OR e 
	e:  e.ADD e 
	e:  e.MINUS e 
	e:  e.DIV e 
	e:  e.MUL e 
	e:  e.GT e 
	e:  e.GTE e 
	e:  e.LT e 
	e:  e.LTE e 
	e:  e.EQ e 
	e:  e.NEQ e 
	e:  e.IS NULL 
	e:  e.IS NOT NULL 
	e:  e.IN LP e_list RP 
	e:  e.NOT IN LP e_list RP 
	func_call:  e.cast_func 
	func_call:  e.PIPE IDD 
	func_call:  e.PIPE IDD LP RP 
	func_call:  e.PIPE IDD LP e_list RP 

	ADD  shift 23
	MINUS  shift 24
	MUL  shift 26
	DIV  shift 25
	CAST  shift 37
	PIPE  shift 36
	IN  shift 34
	IS  shift 33
	.  reduce 7 (src line 74)

	cast_func  goto 35

state 48
	e:  e NOT LIKE.e 

	NULL  shift 13
	INT  shift 3
	STR  shift 4
	RAWSTR  shift 5
	BOOL  shift 7
	FLOAT  shift 6
	NOT  shift 8
	MINUS  shift 16
	ID  shift 17
	LP  shift 10
	DOLLAR  shift 9
	CASE  shift 14
	.  error

	e  goto 76
	func_call  goto 11
	negative  goto 12
	IDD  goto 15

state 49
	e:  e NOT IN.LP e_list RP 

	LP  shift 77
	.  error


state 50
	e:  e.LIKE e 
	e:  e.NOT LIKE e 
	e:  e.CONTAINS e 
	e:  e CONTAINS e.    (9)
	e:  e.AND e 
	e:  e.OR e 
	e:  e.ADD e 
	e:  e.MINUS e 
	e:  e.DIV e 
	e:  e.MUL e 
	e:  e.GT e 
	e:  e.GTE e 
	e:  e.LT e 
	e:  e.LTE e 
	e:  e.EQ e 
	e:  e.NEQ e 
	e:  e.IS NULL 
	e:  e.IS NOT NULL 
	e:  e.IN LP e_list RP 
	e:  e.NOT IN LP e_list RP 
	func_call:  e.cast_func 
	func_call:  e.PIPE IDD 
	func_call:  e.PIPE IDD LP RP 
	func_call:  e.PIPE IDD LP e_list RP 

	ADD  shift 23
	MINUS  shift 24
	MUL  shift 26
	DIV  shift 25
	CAST  shift 37
	PIPE  shift 36
	IN  shift 34
	IS  shift 33
	.  reduce 9 (src line 76)

	cast_func  goto 35

state 51
	e:  e.LIKE e 
	e:  e.NOT LIKE e 
	e:  e.CONTAINS e 
	e:  e.AND e 
	e:  e AND e.    (10)
	e:  e.OR e 
	e:  e.ADD e 
	e:  e.MINUS e 
	e:  e.DIV e 
	e:  e.MUL e 
	e:  e.GT e 
	e:  e.GTE e 
	e:  e.LT e 
	e:  e.LTE e 
	e:  e.EQ e 
	e:  e.NEQ e 
	e:  e.IS NULL 
	e:  e.IS NOT NULL 
	e:  e.IN LP e_list RP 
	e:  e.NOT IN LP e_list RP 
	func_call:  e.cast_func 
	func_call:  e.PIPE IDD 
	func_call:  e.PIPE IDD LP RP 
	func_call:  e.PIPE IDD LP e_list RP 

	NOT  shift 19
	LIKE  shift 18
	NEQ  shift 32
	GT  shift 27
	LT  shift 29
	GTE  shift 28
	LTE  shift 30
	EQ  shift 31
	ADD  shift 23
	MINUS  shift 24
	MUL  shift 26
	DIV  shift 25
	CONTAINS  shift 20
	CAST  shift 37
	PIPE  shift 36
	IN  shift 34
	IS  shift 33
	.  reduce 10 (src line 77)

	cast_func  goto 35

state 52
	e:  e.LIKE e 
	e:  e.NOT LIKE e 
	e:  e.CONTAINS e 
	e:  e.AND e 
	e:  e.OR e 
	e:  e OR e.    (11)
	e:  e.ADD e 
	e:  e.MINUS e 
	e:  e.DIV e 
	e:  e.MUL e 
	e:  e.GT e 
	e:  e.GTE e 
	e:  e.LT e 
	e:  e.LTE e 
	e:  e.EQ e 
	e:  e.NEQ e 
	e:  e.IS NULL 
	e:  e.IS NOT NULL 
	e:  e.IN LP e_list RP 
	e:  e.NOT IN LP e_list RP 
	func_call:  e.cast_func 
	func_call:  e.PIPE IDD 
	func_call:  e.PIPE IDD LP RP 
	func_call:  e.PIPE IDD LP e_list RP 

	AND  shift 21
	NOT  shift 19
	LIKE  shift 18
	NEQ  shift 32
	GT  shift 27
	LT  shift 29
	GTE  shift 28
	LTE  shift 30
	EQ  shift 31
	ADD  shift 23
	MINUS  shift 24
	MUL  shift 26
	DIV  shift 25
	CONTAINS  shift 20
	CAST  shift 37
	PIPE  shift 36
	IN  shift 34
	IS  shift 33
	.  reduce 11 (src line 78)

	cast_func  goto 35

state 53
	e:  e.LIKE e 
	e:  e.NOT LIKE e 
	e:  e.CONTAINS e 
	e:  e.AND e 
	e:  e.OR e 
	e:  e.ADD e 
	e:  e ADD e.    (12)
	e:  e.MINUS e 
	e:  e.DIV e 
	e:  e.MUL e 
	e:  e.GT e 
	e:  e.GTE e 
	e:  e.LT e 
	e:  e.LTE e 
	e:  e.EQ e 
	e:  e.NEQ e 
	e:  e.IS NULL 
	e:  e.IS NOT NULL 
	e:  e.IN LP e_list RP 
	e:  e.NOT IN LP e_list RP 
	func_call:  e.cast_func 
	func_call:  e.PIPE IDD 
	func_call:  e.PIPE IDD LP RP 
	func_call:  e.PIPE IDD LP e_list RP 

	MUL  shift 26
	DIV  shift 25
	CAST  shift 37
	PIPE  shift 36
	IN  shift 34
	IS  shift 33
	.  reduce 12 (src line 79)

	cast_func  goto 35

state 54
	e:  e.LIKE e 
	e:  e.NOT LIKE e 
	e:  e.CONTAINS e 
	e:  e.AND e 
	e:  e.OR e 
	e:  e.ADD e 
	e:  e.MINUS e 
	e:  e MINUS e.    (13)
	e:  e.DIV e 
	e:  e.MUL e 
	e:  e.GT e 
	e:  e.GTE e 
	e:  e.LT e 
	e:  e.LTE e 
	e:  e.EQ e 
	e:  e.NEQ e 
	e:  e.IS NULL 
	e:  e.IS NOT NULL 
	e:  e.IN LP e_list RP 
	e:  e.NOT IN LP e_list RP 
	func_call:  e.cast_func 
	func_call:  e.PIPE IDD 
	func_call:  e.PIPE IDD LP RP 
	func_call:  e.PIPE IDD LP e_list RP 

	MUL  shift 26
	DIV  shift 25
	CAST  shift 37
	PIPE  shift 36
	IN  shift 34
	IS  shift 33
	.  reduce 13 (src line 80)

	cast_func  goto 35

state 55
	e:  e.LIKE e 
	e:  e.NOT LIKE e 
	e:  e.CONTAINS e 
	e:  e.AND e 
	e:  e.OR e 
	e:  e.ADD e 
	e:  e.MINUS e 
	e:  e.DIV e 
	e:  e DIV e.    (14)
	e:  e.MUL e 
	e:  e.GT e 
	e:  e.GTE e 
	e:  e.LT e 
	e:  e.LTE e 
	e:  e.EQ e 
	e:  e.NEQ e 
	e:  e.IS NULL 
	e:  e.IS NOT NULL 
	e:  e.IN LP e_list RP 
	e:  e.NOT IN LP e_list RP 
	func_call:  e.cast_func 
	func_call:  e.PIPE IDD 
	func_call:  e.PIPE IDD LP RP 
	func_call:  e.PIPE IDD LP e_list RP 

	CAST  shift 37
	PIPE  shift 36
	IN  shift 34
	IS  shift 33
	.  reduce 14 (src line 81)

	cast_func  goto 35

state 56
	e:  e.LIKE e 
	e:  e.NOT LIKE e 
	e:  e.CONTAINS e 
	e:  e.AND e 
	e:  e.OR e 
	e:  e.ADD e 
	e:  e.MINUS e 
	e:  e.DIV e 
	e:  e.MUL e 
	e:  e MUL e.    (15)
	e:  e.GT e 
	e:  e.GTE e 
	e:  e.LT e 
	e:  e.LTE e 
	e:  e.EQ e 
	e:  e.NEQ e 
	e:  e.IS NULL 
	e:  e.IS NOT NULL 
	e:  e.IN LP e_list RP 
	e:  e.NOT IN LP e_list RP 
	func_call:  e.cast_func 
	func_call:  e.PIPE IDD 
	func_call:  e.PIPE IDD LP RP 
	func_call:  e.PIPE IDD LP e_list RP 

	CAST  shift 37
	PIPE  shift 36
	IN  shift 34
	IS  shift 33
	.  reduce 15 (src line 82)

	cast_func  goto 35

state 57
	e:  e.LIKE e 
	e:  e.NOT LIKE e 
	e:  e.CONTAINS e 
	e:  e.AND e 
	e:  e.OR e 
	e:  e.ADD e 
	e:  e.MINUS e 
	e:  e.DIV e 
	e:  e.MUL e 
	e:  e.GT e 
	e:  e GT e.    (17)
	e:  e.GTE e 
	e:  e.LT e 
	e:  e.LTE e 
	e:  e.EQ e 
	e:  e.NEQ e 
	e:  e.IS NULL 
	e:  e.IS NOT NULL 
	e:  e.IN LP e_list RP 
	e:  e.NOT IN LP e_list RP 
	func_call:  e.cast_func 
	func_call:  e.PIPE IDD 
	func_call:  e.PIPE IDD LP RP 
	func_call:  e.PIPE IDD LP e_list RP 

	LIKE  shift 18
	ADD  shift 23
	MINUS  shift 24
	MUL  shift 26
	DIV  shift 25
	CONTAINS  shift 20
	CAST  shift 37
	PIPE  shift 36
	IN  shift 34
	IS  shift 33
	.  reduce 17 (src line 84)

	cast_func  goto 35

state 58
	e:  e.LIKE e 
	e:  e.NOT LIKE e 
	e:  e.CONTAINS e 
	e:  e.AND e 
	e:  e.OR e 
	e:  e.ADD e 
	e:  e.MINUS e 
	e:  e.DIV e 
	e:  e.MUL e 
	e:  e.GT e 
	e:  e.GTE e 
	e:  e GTE e.    (18)
	e:  e.LT e 
	e:  e.LTE e 
	e:  e.EQ e 
	e:  e.NEQ e 
	e:  e.IS NULL 
	e:  e.IS NOT NULL 
	e:  e.IN LP e_list RP 
	e:  e.NOT IN LP e_list RP 
	func_call:  e.cast_func 
	func_call:  e.PIPE IDD 
	func_call:  e.PIPE IDD LP RP 
	func_call:  e.PIPE IDD LP e_list RP 

	LIKE  shift 18
	ADD  shift 23
	MINUS  shift 24
	MUL  shift 26
	DIV  shift 25
	CONTAINS  shift 20
	CAST  shift 37
	PIPE  shift 36
	IN  shift 34
	IS  shift 33
	.  reduce 18 (src line 85)

	cast_func  goto 35

state 59
	e:  e.LIKE e 
	e:  e.NOT LIKE e 
	e:  e.CONTAINS e 
	e:  e.AND e 
	e:  e.OR e 
	e:  e.ADD e 
	e:  e.MINUS e 
	e:  e.DIV e 
	e:  e.MUL e 
	e:  e.GT e 
	e:  e.GTE e 
	e:  e.LT e 
	e:  e LT e.    (19)
	e:  e.LTE e 
	e:  e.EQ e 
	e:  e.NEQ e 
	e:  e.IS NULL 
	e:  e.IS NOT NULL 
	e:  e.IN LP e_list RP 
	e:  e.NOT IN LP e_list RP 
	func_call:  e.cast_func 
	func_call:  e.PIPE IDD 
	func_call:  e.PIPE IDD LP RP 
	func_call:  e.PIPE IDD LP e_list RP 

	LIKE  shift 18
	ADD  shift 23
	MINUS  shift 24
	MUL  shift 26
	DIV  shift 25
	CONTAINS  shift 20
	CAST  shift 37
	PIPE  shift 36
	IN  shift 34
	IS  shift 33
	.  reduce 19 (src line 86)

	cast_func  goto 35

state 60
	e:  e.LIKE e 
	e:  e.NOT LIKE e 
	e:  e.CONTAINS e 
	e:  e.AND e 
	e:  e.OR e 
	e:  e.ADD e 
	e:  e.MINUS e 
	e:  e.DIV e 
	e:  e.MUL e 
	e:  e.GT e 
	e:  e.GTE e 
	e:  e.LT e 
	e:  e.LTE e 
	e:  e LTE e.    (20)
	e:  e.EQ e 
	e:  e.NEQ e 
	e:  e.IS NULL 
	e:  e.IS NOT NULL 
	e:  e.IN LP e_list RP 
	e:  e.NOT IN LP e_list RP 
	func_call:  e.cast_func 
	func_call:  e.PIPE IDD 
	func_call:  e.PIPE IDD LP RP 
	func_call:  e.PIPE IDD LP e_list RP 

	LIKE  shift 18
	ADD  shift 23
	MINUS  shift 24
	MUL  shift 26
	DIV  shift 25
	CONTAINS  shift 20
	CAST  shift 37
	PIPE  shift 36
	IN  shift 34
	IS  shift 33
	.  reduce 20 (src line 87)

	cast_func  goto 35

state 61
	e:  e.LIKE e 
	e:  e.NOT LIKE e 
	e:  e.CONTAINS e 
	e:  e.AND e 
	e:  e.OR e 
	e:  e.ADD e 
	e:  e.MINUS e 
	e:  e.DIV e 
	e:  e.MUL e 
	e:  e.GT e 
	e:  e.GTE e 
	e:  e.LT e 
	e:  e.LTE e 
	e:  e.EQ e 
	e:  e EQ e.    (21)
	e:  e.NEQ e 
	e:  e.IS NULL 
	e:  e.IS NOT NULL 
	e:  e.IN LP e_list RP 
	e:  e.NOT IN LP e_list RP 
	func_call:  e.cast_func 
	func_call:  e.PIPE IDD 
	func_call:  e.PIPE IDD LP RP 
	func_call:  e.PIPE IDD LP e_list RP 

	LIKE  shift 18
	ADD  shift 23
	MINUS  shift 24
	MUL  shift 26
	DIV  shift 25
	CONTAINS  shift 20
	CAST  shift 37
	PIPE  shift 36
	IN  shift 34
	IS  shift 33
	.  reduce 21 (src line 88)

	cast_func  goto 35

state 62
	e:  e.LIKE e 
	e:  e.NOT LIKE e 
	e:  e.CONTAINS e 
	e:  e.AND e 
	e:  e.OR e 
	e:  e.ADD e 
	e:  e.MINUS e 
	e:  e.DIV e 
	e:  e.MUL e 
	e:  e.GT e 
	e:  e.GTE e 
	e:  e.LT e 
	e:  e.LTE e 
	e:  e.EQ e 
	e:  e.NEQ e 
	e:  e NEQ e.    (22)
	e:  e.IS NULL 
	e:  e.IS NOT NULL 
	e:  e.IN LP e_list RP 
	e:  e.NOT IN LP e_list RP 
	func_call:  e.cast_func 
	func_call:  e.PIPE IDD 
	func_call:  e.PIPE IDD LP RP 
	func_call:  e.PIPE IDD LP e_list RP 

	LIKE  shift 18
	ADD  shift 23
	MINUS  shift 24
	MUL  shift 26
	DIV  shift 25
	CONTAINS  shift 20
	CAST  shift 37
	PIPE  shift 36
	IN  shift 34
	IS  shift 33
	.  reduce 22 (src line 89)

	cast_func  goto 35

state 63
	e:  e IS NULL.    (23)

	.  reduce 23 (src line 90)


state 64
	e:  e IS NOT.NULL 

	NULL  shift 78
	.  error


state 65
	e:  e IN LP.e_list RP 

	NULL  shift 13
	INT  shift 3
	STR  shift 4
	RAWSTR  shift 5
	BOOL  shift 7
	FLOAT  shift 6
	NOT  shift 8
	MINUS  shift 16
	ID  shift 17
	LP  shift 10
	DOLLAR  shift 9
	CASE  shift 14
	.  error

	e  goto 75
	func_call  goto 11
	negative  goto 12
	e_list  goto 79
	IDD  goto 15

state 66
	func_call:  e PIPE IDD.    (41)
	func_call:  e PIPE IDD.LP RP 
	func_call:  e PIPE IDD.LP e_list RP 

	LP  shift 80
	.  reduce 41 (src line 118)


state 67
	cast_func:  CAST IDD.    (47)

	.  reduce 47 (src line 132)


state 68
	e:  LP e RP.    (27)

	.  reduce 27 (src line 94)


state 69
	e:  CASE whenClause END.    (31)

	.  reduce 31 (src line 98)


state 70
	e:  CASE whenClause ELSE.e END 

	NULL  shift 13
	INT  shift 3
	STR  shift 4
	RAWSTR  shift 5
	BOOL  shift 7
	FLOAT  shift 6
	NOT  shift 8
	MINUS  shift 16
	ID  shift 17
	LP  shift 10
	DOLLAR  shift 9
	CASE  shift 14
	.  error

	e  goto 81
	func_call  goto 11
	negative  goto 12
	IDD  goto 15

state 71
	whenClause:  whenClause WHEN.e THEN e 

	NULL  shift 13
	INT  shift 3
	STR  shift 4
	RAWSTR  shift 5
	BOOL  shift 7
	FLOAT  shift 6
	NOT  shift 8
	MINUS  shift 16
	ID  shift 17
	LP  shift 10
	DOLLAR  shift 9
	CASE  shift 14
	.  error

	e  goto 82
	func_call  goto 11
	negative  goto 12
	IDD  goto 15

state 72
	e:  e.LIKE e 
	e:  e.NOT LIKE e 
	e:  e.CONTAINS e 
	e:  e.AND e 
	e:  e.OR e 
	e:  e.ADD e 
	e:  e.MINUS e 
	e:  e.DIV e 
	e:  e.MUL e 
	e:  e.GT e 
	e:  e.GTE e 
	e:  e.LT e 
	e:  e.LTE e 
	e:  e.EQ e 
	e:  e.NEQ e 
	e:  e.IS NULL 
	e:  e.IS NOT NULL 
	e:  e.IN LP e_list RP 
	e:  e.NOT IN LP e_list RP 
	func_call:  e.cast_func 
	func_call:  e.PIPE IDD 
	func_call:  e.PIPE IDD LP RP 
	func_call:  e.PIPE IDD LP e_list RP 
	whenClause:  WHEN e.THEN e 

	OR  shift 22
	AND  shift 21
	NOT  shift 19
	LIKE  shift 18
	NEQ  shift 32
	GT  shift 27
	LT  shift 29
	GTE  shift 28
	LTE  shift 30
	EQ  shift 31
	ADD  shift 23
	MINUS  shift 24
	MUL  shift 26
	DIV  shift 25
	CONTAINS  shift 20
	CAST  shift 37
	PIPE  shift 36
	THEN  shift 83
	IN  shift 34
	IS  shift 33
	.  error

	cast_func  goto 35

state 73
	func_call:  IDD LP e_list.RP 
	e_list:  e_list.COMMA e 

	COMMA  shift 85
	RP  shift 84
	.  error


state 74
	func_call:  IDD LP RP.    (38)

	.  reduce 38 (src line 115)


state 75
	e:  e.LIKE e 
	e:  e.NOT LIKE e 
	e:  e.CONTAINS e 
	e:  e.AND e 
	e:  e.OR e 
	e:  e.ADD e 
	e:  e.MINUS e 
	e:  e.DIV e 
	e:  e.MUL e 
	e:  e.GT e 
	e:  e.GTE e 
	e:  e.LT e 
	e:  e.LTE e 
	e:  e.EQ e 
	e:  e.NEQ e 
	e:  e.IS NULL 
	e:  e.IS NOT NULL 
	e:  e.IN LP e_list RP 
	e:  e.NOT IN LP e_list RP 
	func_call:  e.cast_func 
	func_call:  e.PIPE IDD 
	func_call:  e.PIPE IDD LP RP 
	func_call:  e.PIPE IDD LP e_list RP 
	e_list:  e.    (48)

	OR  shift 22
	AND  shift 21
	NOT  shift 19
	LIKE  shift 18
	NEQ  shift 32
	GT  shift 27
	LT  shift 29
	GTE  shift 28
	LTE  shift 30
	EQ  shift 31
	ADD  shift 23
	MINUS  shift 24
	MUL  shift 26
	DIV  shift 25
	CONTAINS  shift 20
	CAST  shift 37
	PIPE  shift 36
	IN  shift 34
	IS  shift 33
	.  reduce 48 (src line 134)

	cast_func  goto 35

state 76
	e:  e.LIKE e 
	e:  e.NOT LIKE e 
	e:  e NOT LIKE e.    (8)
	e:  e.CONTAINS e 
	e:  e.AND e 
	e:  e.OR e 
	e:  e.ADD e 
	e:  e.MINUS e 
	e:  e.DIV e 
	e:  e.MUL e 
	e:  e.GT e 
	e:  e.GTE e 
	e:  e.LT e 
	e:  e.LTE e 
	e:  e.EQ e 
	e:  e.NEQ e 
	e:  e.IS NULL 
	e:  e.IS NOT NULL 
	e:  e.IN LP e_list RP 
	e:  e.NOT IN LP e_list RP 
	func_call:  e.cast_func 
	func_call:  e.PIPE IDD 
	func_call:  e.PIPE IDD LP RP 
	func_call:  e.PIPE IDD LP e_list RP 

	ADD  shift 23
	MINUS  shift 24
	MUL  shift 26
	DIV  shift 25
	CAST  shift 37
	PIPE  shift 36
	IN  shift 34
	IS  shift 33
	.  reduce 8 (src line 75)

	cast_func  goto 35

state 77
	e:  e NOT IN LP.e_list RP 

	NULL  shift 13
	INT  shift 3
	STR  shift 4
	RAWSTR  shift 5
	BOOL  shift 7
	FLOAT  shift 6
	NOT  shift 8
	MINUS  shift 16
	ID  shift 17
	LP  shift 10
	DOLLAR  shift 9
	CASE  shift 14
	.  error

	e  goto 75
	func_call  goto 11
	negative  goto 12
	e_list  goto 86
	IDD  goto 15

state 78
	e:  e IS NOT NULL.    (24)

	.  reduce 24 (src line 91)


state 79
	e:  e IN LP e_list.RP 
	e_list:  e_list.COMMA e 

	COMMA  shift 85
	RP  shift 87
	.  error


state 80
	func_call:  e PIPE IDD LP.RP 
	func_call:  e PIPE IDD LP.e_list RP 

	NULL  shift 13
	INT  shift 3
	STR  shift 4
	RAWSTR  shift 5
	BOOL  shift 7
	FLOAT  shift 6
	NOT  shift 8
	MINUS  shift 16
	ID  shift 17
	LP  shift 10
	RP  shift 88
	DOLLAR  shift 9
	CASE  shift 14
	.  error

	e  goto 75
	func_call  goto 11
	negative  goto 12
	e_list  goto 89
	IDD  goto 15

state 81
	e:  e.LIKE e 
	e:  e.NOT LIKE e 
	e:  e.CONTAINS e 
	e:  e.AND e 
	e:  e.OR e 
	e:  e.ADD e 
	e:  e.MINUS e 
	e:  e.DIV e 
	e:  e.MUL e 
	e:  e.GT e 
	e:  e.GTE e 
	e:  e.LT e 
	e:  e.LTE e 
	e:  e.EQ e 
	e:  e.NEQ e 
	e:  e.IS NULL 
	e:  e.IS NOT NULL 
	e:  CASE whenClause ELSE e.END 
	e:  e.IN LP e_list RP 
	e:  e.NOT IN LP e_list RP 
	func_call:  e.cast_func 
	func_call:  e.PIPE IDD 
	func_call:  e.PIPE IDD LP RP 
	func_call:  e.PIPE IDD LP e_list RP 

	OR  shift 22
	AND  shift 21
	NOT  shift 19
	LIKE  shift 18
	NEQ  shift 32
	GT  shift 27
	LT  shift 29
	GTE  shift 28
	LTE  shift 30
	EQ  shift 31
	ADD  shift 23
	MINUS  shift 24
	MUL  shift 26
	DIV  shift 25
	CONTAINS  shift 20
	CAST  shift 37
	PIPE  shift 36
	IN  shift 34
	END  shift 90
	IS  shift 33
	.  error

	cast_func  goto 35

state 82
	e:  e.LIKE e 
	e:  e.NOT LIKE e 
	e:  e.CONTAINS e 
	e:  e.AND e 
	e:  e.OR e 
	e:  e.ADD e 
	e:  e.MINUS e 
	e:  e.DIV e 
	e:  e.MUL e 
	e:  e.GT e 
	e:  e.GTE e 
	e:  e.LT e 
	e:  e.LTE e 
	e:  e.EQ e 
	e:  e.NEQ e 
	e:  e.IS NULL 
	e:  e.IS NOT NULL 
	e:  e.IN LP e_list RP 
	e:  e.NOT IN LP e_list RP 
	func_call:  e.cast_func 
	func_call:  e.PIPE IDD 
	func_call:  e.PIPE IDD LP RP 
	func_call:  e.PIPE IDD LP e_list RP 
	whenClause:  whenClause WHEN e.THEN e 

	OR  shift 22
	AND  shift 21
	NOT  shift 19
	LIKE  shift 18
	NEQ  shift 32
	GT  shift 27
	LT  shift 29
	GTE  shift 28
	LTE  shift 30
	EQ  shift 31
	ADD  shift 23
	MINUS  shift 24
	MUL  shift 26
	DIV  shift 25
	CONTAINS  shift 20
	CAST  shift 37
	PIPE  shift 36
	THEN  shift 91
	IN  shift 34
	IS  shift 33
	.  error

	cast_func  goto 35

state 83
	whenClause:  WHEN e THEN.e 

	NULL  shift 13
	INT  shift 3
	STR  shift 4
	RAWSTR  shift 5
	BOOL  shift 7
	FLOAT  shift 6
	NOT  shift 8
	MINUS  shift 16
	ID  shift 17
	LP  shift 10
	DOLLAR  shift 9
	CASE  shift 14
	.  error

	e  goto 92
	func_call  goto 11
	negative  goto 12
	IDD  goto 15

state 84
	func_call:  IDD LP e_list RP.    (37)

	.  reduce 37 (src line 114)


state 85
	e_list:  e_list COMMA.e 

	NULL  shift 13
	INT  shift 3
	STR  shift 4
	RAWSTR  shift 5
	BOOL  shift 7
	FLOAT  shift 6
	NOT  shift 8
	MINUS  shift 16
	ID  shift 17
	LP  shift 10
	DOLLAR  shift 9
	CASE  shift 14
	.  error

	e  goto 93
	func_call  goto 11
	negative  goto 12
	IDD  goto 15

state 86
	e:  e NOT IN LP e_list.RP 
	e_list:  e_list.COMMA e 

	COMMA  shift 85
	RP  shift 94
	.  error


state 87
	e:  e IN LP e_list RP.    (33)

	.  reduce 33 (src line 103)


state 88
	func_call:  e PIPE IDD LP RP.    (42)

	.  reduce 42 (src line 119)


state 89
	func_call:  e PIPE IDD LP e_list.RP 
	e_list:  e_list.COMMA e 

	COMMA  shift 85
	RP  shift 95
	.  error


state 90
	e:  CASE whenClause ELSE e END.    (32)

	.  reduce 32 (src line 99)


state 91
	whenClause:  whenClause WHEN e THEN.e 

	NULL  shift 13
	INT  shift 3
	STR  shift 4
	RAWSTR  shift 5
	BOOL  shift 7
	FLOAT  shift 6
	NOT  shift 8
	MINUS  shift 16
	ID  shift 17
	LP  shift 10
	DOLLAR  shift 9
	CASE  shift 14
	.  error

	e  goto 96
	func_call  goto 11
	negative  goto 12
	IDD  goto 15

state 92
	e:  e.LIKE e 
	e:  e.NOT LIKE e 
	e:  e.CONTAINS e 
	e:  e.AND e 
	e:  e.OR e 
	e:  e.ADD e 
	e:  e.MINUS e 
	e:  e.DIV e 
	e:  e.MUL e 
	e:  e.GT e 
	e:  e.GTE e 
	e:  e.LT e 
	e:  e.LTE e 
	e:  e.EQ e 
	e:  e.NEQ e 
	e:  e.IS NULL 
	e:  e.IS NOT NULL 
	e:  e.IN LP e_list RP 
	e:  e.NOT IN LP e_list RP 
	func_call:  e.cast_func 
	func_call:  e.PIPE IDD 
	func_call:  e.PIPE IDD LP RP 
	func_call:  e.PIPE IDD LP e_list RP 
	whenClause:  WHEN e THEN e.    (44)

	OR  shift 22
	AND  shift 21
	NOT  shift 19
	LIKE  shift 18
	NEQ  shift 32
	GT  shift 27
	LT  shift 29
	GTE  shift 28
	LTE  shift 30
	EQ  shift 31
	ADD  shift 23
	MINUS  shift 24
	MUL  shift 26
	DIV  shift 25
	CONTAINS  shift 20
	CAST  shift 37
	PIPE  shift 36
	IN  shift 34
	IS  shift 33
	.  reduce 44 (src line 122)

	cast_func  goto 35

state 93
	e:  e.LIKE e 
	e:  e.NOT LIKE e 
	e:  e.CONTAINS e 
	e:  e.AND e 
	e:  e.OR e 
	e:  e.ADD e 
	e:  e.MINUS e 
	e:  e.DIV e 
	e:  e.MUL e 
	e:  e.GT e 
	e:  e.GTE e 
	e:  e.LT e 
	e:  e.LTE e 
	e:  e.EQ e 
	e:  e.NEQ e 
	e:  e.IS NULL 
	e:  e.IS NOT NULL 
	e:  e.IN LP e_list RP 
	e:  e.NOT IN LP e_list RP 
	func_call:  e.cast_func 
	func_call:  e.PIPE IDD 
	func_call:  e.PIPE IDD LP RP 
	func_call:  e.PIPE IDD LP e_list RP 
	e_list:  e_list COMMA e.    (49)

	OR  shift 22
	AND  shift 21
	NOT  shift 19
	LIKE  shift 18
	NEQ  shift 32
	GT  shift 27
	LT  shift 29
	GTE  shift 28
	LTE  shift 30
	EQ  shift 31
	ADD  shift 23
	MINUS  shift 24
	MUL  shift 26
	DIV  shift 25
	CONTAINS  shift 20
	CAST  shift 37
	PIPE  shift 36
	IN  shift 34
	IS  shift 33
	.  reduce 49 (src line 135)

	cast_func  goto 35

state 94
	e:  e NOT IN LP e_list RP.    (34)

	.  reduce 34 (src line 106)


state 95
	func_call:  e PIPE IDD LP e_list RP.    (43)

	.  reduce 43 (src line 120)


state 96
	e:  e.LIKE e 
	e:  e.NOT LIKE e 
	e:  e.CONTAINS e 
	e:  e.AND e 
	e:  e.OR e 
	e:  e.ADD e 
	e:  e.MINUS e 
	e:  e.DIV e 
	e:  e.MUL e 
	e:  e.GT e 
	e:  e.GTE e 
	e:  e.LT e 
	e:  e.LTE e 
	e:  e.EQ e 
	e:  e.NEQ e 
	e:  e.IS NULL 
	e:  e.IS NOT NULL 
	e:  e.IN LP e_list RP 
	e:  e.NOT IN LP e_list RP 
	func_call:  e.cast_func 
	func_call:  e.PIPE IDD 
	func_call:  e.PIPE IDD LP RP 
	func_call:  e.PIPE IDD LP e_list RP 
	whenClause:  whenClause WHEN e THEN e.    (45)

	OR  shift 22
	AND  shift 21
	NOT  shift 19
	LIKE  shift 18
	NEQ  shift 32
	GT  shift 27
	LT  shift 29
	GTE  shift 28
	LTE  shift 30
	EQ  shift 31
	ADD  shift 23
	MINUS  shift 24
	MUL  shift 26
	DIV  shift 25
	CONTAINS  shift 20
	CAST  shift 37
	PIPE  shift 36
	IN  shift 34
	IS  shift 33
	.  reduce 45 (src line 124)

	cast_func  goto 35

43 terminals, 9 nonterminals
50 grammar rules, 97/16000 states
0 shift/reduce, 0 reduce/reduce conflicts reported
58 working sets used
memory: parser 168/240000
83 extra closures
695 shift entries, 1 exceptions
37 goto entries
108 entries saved by goto default
Optimizer space used: output 441/240000
441 table entries, 162 zero
maximum spread: 43, maximum offset: 91
